2020-11-14 18:36:25,328 [main] INFO QA-Testing - *******> As a user i can open any browser <*******
2020-11-14 18:36:26,667 [main] INFO QA-Testing - *******> As a user i can enter the url <*******
2020-11-14 18:36:28,781 [main] INFO QA-Testing - *******> As a user i can enter the username <*******
2020-11-14 18:36:28,970 [main] INFO QA-Testing - *******> As a user i can enter the password <*******
2020-11-14 18:36:29,136 [main] INFO QA-Testing - *******> As a user i can click on login button <*******
2020-11-14 18:36:31,380 [main] INFO QA-Testing - *******> As a user i can verify the homepage <*******
2020-11-14 18:36:31,410 [main] INFO QA-Testing - *******> As a user i can logout the application <*******
2020-11-14 18:36:32,335 [main] INFO QA-Testing - *******> As a user i can verify the login title3 <*******
2020-11-14 18:36:32,473 [main] INFO QA-Testing - *******> As a user i can open any browser <*******
2020-11-14 18:36:33,871 [main] INFO QA-Testing - *******> As a user i can enter the url <*******
2020-11-14 18:36:34,704 [main] INFO QA-Testing - *******> As a user i can enter the username <*******
2020-11-14 18:36:34,884 [main] INFO QA-Testing - *******> As a user i can enter the password <*******
2020-11-14 18:36:35,047 [main] INFO QA-Testing - *******> As a user i can click on login button <*******
2020-11-14 18:36:36,592 [main] INFO QA-Testing - *******> As a user i can verify the homepage <*******
2020-11-14 18:36:36,613 [main] INFO QA-Testing - *******> As a user i can logout the application <*******
2020-11-14 18:36:37,625 [main] INFO QA-Testing - *******> As a user i can verify the login title3 <*******
2020-11-14 19:24:40,185 [main] INFO QA-Mohammed - *******> As a user i can open any browser <*******
2020-11-14 19:24:41,643 [main] INFO QA-Mohammed - *******> As a user i can enter the url <*******
2020-11-14 19:24:43,176 [main] INFO QA-Mohammed - *******> As a user i can enter the username <*******
2020-11-14 19:24:43,372 [main] INFO QA-Mohammed - *******> As a user i can enter the password <*******
2020-11-14 19:24:43,535 [main] INFO QA-Mohammed - *******> As a user i can click on login button <*******
2020-11-14 19:24:45,199 [main] INFO QA-Mohammed - *******> As a user i can verify the homepage <*******
2020-11-14 19:24:45,229 [main] INFO QA-Mohammed - *******> As a user i can logout the application <*******
2020-11-14 19:24:46,471 [main] INFO QA-Mohammed - *******> As a user i can verify the login title3 <*******
2020-11-14 19:24:46,586 [main] INFO QA-Mohammed - *******> As a user i can open any browser <*******
2020-11-14 19:24:47,901 [main] INFO QA-Mohammed - *******> As a user i can enter the url <*******
2020-11-14 19:24:49,817 [main] INFO QA-Mohammed - *******> As a user i can enter the username <*******
2020-11-14 19:24:50,021 [main] INFO QA-Mohammed - *******> As a user i can enter the password <*******
2020-11-14 19:24:50,213 [main] INFO QA-Mohammed - *******> As a user i can click on login button <*******
2020-11-14 19:24:52,877 [main] INFO QA-Mohammed - *******> As a user i can verify the homepage <*******
2020-11-14 19:24:52,898 [main] INFO QA-Mohammed - *******> As a user i can logout the application <*******
2020-11-14 19:24:54,290 [main] INFO QA-Mohammed - *******> As a user i can verify the login title3 <*******
2020-11-14 19:25:21,284 [main] INFO QA-Mohammed - *******> As a user i can open any browser <*******
2020-11-14 19:25:22,855 [main] INFO QA-Mohammed - *******> As a user i can enter the url <*******
2020-11-14 19:25:24,690 [main] INFO QA-Mohammed - *******> As a user i can enter the username <*******
2020-11-14 19:25:24,931 [main] INFO QA-Mohammed - *******> As a user i can enter the password <*******
2020-11-14 19:25:25,190 [main] INFO QA-Mohammed - *******> As a user i can click on login button <*******
2020-11-14 19:25:27,000 [main] INFO QA-Mohammed - *******> As a user i can verify the homepage <*******
2020-11-14 19:25:27,058 [main] INFO QA-Mohammed - *******> As a user i can logout the application <*******
2020-11-14 19:25:27,949 [main] INFO QA-Mohammed - *******> As a user i can verify the login title3 <*******
2020-11-14 19:25:28,065 [main] INFO QA-Mohammed - *******> As a user i can open any browser <*******
2020-11-14 19:25:29,848 [main] INFO QA-Mohammed - *******> As a user i can enter the url <*******
2020-11-14 19:25:31,302 [main] INFO QA-Mohammed - *******> As a user i can enter the username <*******
2020-11-14 19:25:31,554 [main] INFO QA-Mohammed - *******> As a user i can enter the password <*******
2020-11-14 19:25:31,742 [main] INFO QA-Mohammed - *******> As a user i can click on login button <*******
2020-11-14 19:25:34,105 [main] INFO QA-Mohammed - *******> As a user i can verify the homepage <*******
2020-11-14 19:25:34,186 [main] INFO QA-Mohammed - *******> As a user i can logout the application <*******
2020-11-14 19:25:35,083 [main] INFO QA-Mohammed - *******> As a user i can verify the login title3 <*******
2020-11-14 19:28:51,028 [main] INFO QA-Mohammed - *******> As a user i can open any browser <*******
2020-11-14 19:28:51,042 [main] INFO QA-Mohammed - *******> As a user i can open any browser <*******
2020-11-14 19:31:16,663 [main] INFO QA-Mohammed - *******> As a user i can open any browser <*******
2020-11-14 19:31:16,672 [main] INFO QA-Mohammed - *******> As a user i can open any browser <*******
2020-11-14 19:32:19,984 [main] INFO QA-Mohammed - *******> As a user i can open any browser <*******
2020-11-14 19:32:19,995 [main] INFO QA-Mohammed - *******> As a user i can open any browser <*******
2020-11-14 19:33:21,042 [main] INFO QA-Mohammed - *******> As a user i can open any browser <*******
2020-11-14 19:33:21,053 [main] INFO QA-Mohammed - *******> As a user i can open any browser <*******
2020-11-14 19:50:25,479 [main] INFO PMCS - *******> As a user i can open any browser <*******
2020-11-14 19:50:25,491 [main] INFO PMCS - *******> As a user i can open any browser <*******
2020-11-14 19:50:25,496 [main] INFO PMCS - *******> As a user i can open any browser <*******
2020-11-14 19:50:25,502 [main] INFO PMCS - *******> As a user i can open any browser <*******
2020-11-14 19:50:25,507 [main] INFO PMCS - *******> As a user i can open any browser <*******
2020-11-14 19:51:51,707 [main] INFO PMCS - *******> As a user i can open any browser <*******
2020-11-14 19:51:53,259 [main] INFO PMCS - *******> As a user i can enter the url <*******
2020-11-14 19:51:55,698 [main] INFO PMCS - *******> As a user i can enter the username <*******
2020-11-14 19:51:55,888 [main] INFO PMCS - *******> As a user i can enter the password <*******
2020-11-14 19:51:56,022 [main] INFO PMCS - *******> As a user i can click on login button <*******
2020-11-14 19:51:58,155 [main] INFO PMCS - *******> As a user i can verify the homepage <*******
2020-11-14 19:51:58,178 [main] INFO PMCS - *******> As a user i can logout the application <*******
2020-11-14 19:51:59,018 [main] INFO PMCS - *******> As a user i can verify the login title3 <*******
2020-11-14 19:51:59,145 [main] INFO PMCS - *******> As a user i can open any browser <*******
2020-11-14 19:52:00,610 [main] INFO PMCS - *******> As a user i can enter the url <*******
2020-11-14 19:52:02,990 [main] INFO PMCS - *******> As a user i can enter the username <*******
2020-11-14 19:52:03,110 [main] INFO PMCS - *******> As a user i can enter the password <*******
2020-11-14 19:52:03,191 [main] INFO PMCS - *******> As a user i can click on login button <*******
2020-11-14 19:52:05,240 [main] INFO PMCS - *******> As a user i can verify the homepage <*******
2020-11-14 19:52:05,258 [main] INFO PMCS - *******> As a user i can logout the application <*******
2020-11-14 19:52:06,161 [main] INFO PMCS - *******> As a user i can verify the login title3 <*******
2020-11-14 19:52:06,273 [main] INFO PMCS - *******> As a user i can open any browser <*******
2020-11-14 19:52:06,278 [main] INFO PMCS - *******> As a user i can open any browser <*******
2020-11-14 19:52:06,282 [main] INFO PMCS - *******> As a user i can open any browser <*******
2020-11-14 19:52:27,079 [main] INFO PMCS - *******> As a user i can open any browser <*******
2020-11-14 19:52:27,087 [main] INFO PMCS - *******> As a user i can open any browser <*******
2020-11-14 19:53:05,456 [main] INFO PMCS - *******> As a user i can open any browser <*******
2020-11-14 19:53:05,478 [main] INFO PMCS - *******> As a user i can enter the url <*******
2020-11-14 19:53:05,482 [main] INFO PMCS - *******> As a user i can open any browser <*******
2020-11-14 19:53:05,485 [main] INFO PMCS - *******> As a user i can enter the url <*******
2020-11-14 19:55:05,062 [main] INFO PMCS - *******> As a user i can open any browser <*******
2020-11-14 19:55:05,085 [main] INFO PMCS - *******> As a user i can enter the url <*******
2020-11-14 19:55:05,090 [main] INFO PMCS - *******> As a user i can open any browser <*******
2020-11-14 19:55:05,092 [main] INFO PMCS - *******> As a user i can enter the url <*******
2020-11-14 19:58:07,784 [main] INFO PMCS - *******> As a user i can open any browser <*******
2020-11-14 19:58:07,793 [main] INFO PMCS - *******> As a user i can open any browser <*******
2020-11-14 19:58:38,857 [main] INFO PMCS - *******> As a user i can open any browser <*******
2020-11-14 19:58:38,866 [main] INFO PMCS - *******> As a user i can open any browser <*******
2020-11-14 19:59:05,326 [main] INFO PMCS - *******> As a user i can open any browser <*******
2020-11-14 19:59:06,580 [main] INFO PMCS - *******> As a user i can enter the url <*******
2020-11-14 19:59:08,717 [main] INFO PMCS - *******> As a user i can enter the username <*******
2020-11-14 19:59:08,874 [main] INFO PMCS - *******> As a user i can enter the password <*******
2020-11-14 19:59:09,024 [main] INFO PMCS - *******> As a user i can click on login button <*******
2020-11-14 19:59:11,256 [main] INFO PMCS - *******> As a user i can verify the homepage <*******
2020-11-14 19:59:11,280 [main] INFO PMCS - *******> As a user i can logout the application <*******
2020-11-14 19:59:12,537 [main] INFO PMCS - *******> As a user i can verify the login title3 <*******
2020-11-14 19:59:12,638 [main] INFO PMCS - *******> As a user i can open any browser <*******
2020-11-14 19:59:13,750 [main] INFO PMCS - *******> As a user i can enter the url <*******
2020-11-14 19:59:15,533 [main] INFO PMCS - *******> As a user i can enter the username <*******
2020-11-14 19:59:15,694 [main] INFO PMCS - *******> As a user i can enter the password <*******
2020-11-14 19:59:15,840 [main] INFO PMCS - *******> As a user i can click on login button <*******
2020-11-14 19:59:17,961 [main] INFO PMCS - *******> As a user i can verify the homepage <*******
2020-11-14 19:59:17,982 [main] INFO PMCS - *******> As a user i can logout the application <*******
2020-11-14 19:59:18,902 [main] INFO PMCS - *******> As a user i can verify the login title3 <*******
2020-11-14 20:00:10,701 [main] INFO PMCS - *******> As a user i can open any browser <*******
2020-11-14 20:00:11,908 [main] INFO PMCS - *******> As a user i can enter the url <*******
2020-11-14 20:00:12,732 [main] INFO PMCS - *******> As a user i can enter the username <*******
2020-11-14 20:00:12,895 [main] INFO PMCS - *******> As a user i can enter the password <*******
2020-11-14 20:00:13,043 [main] INFO PMCS - *******> As a user i can click on login button <*******
2020-11-14 20:00:14,667 [main] INFO PMCS - *******> As a user i can verify the homepage <*******
2020-11-14 20:00:14,695 [main] INFO PMCS - *******> As a user i can logout the application <*******
2020-11-14 20:00:15,589 [main] INFO PMCS - *******> As a user i can verify the login title3 <*******
2020-11-14 20:00:15,701 [main] INFO PMCS - *******> As a user i can open any browser <*******
2020-11-14 20:00:16,918 [main] INFO PMCS - *******> As a user i can enter the url <*******
2020-11-14 20:00:18,443 [main] INFO PMCS - *******> As a user i can enter the username <*******
2020-11-14 20:00:18,608 [main] INFO PMCS - *******> As a user i can enter the password <*******
2020-11-14 20:00:18,710 [main] INFO PMCS - *******> As a user i can click on login button <*******
2020-11-14 20:00:21,294 [main] INFO PMCS - *******> As a user i can verify the homepage <*******
2020-11-14 20:00:21,317 [main] INFO PMCS - *******> As a user i can logout the application <*******
2020-11-14 20:00:21,414 [main] INFO PMCS - *******> As a user i can verify the login title3 <*******
2020-11-14 20:00:38,581 [main] INFO PMCS - *******> As a user i can open any browser <*******
2020-11-14 20:00:40,008 [main] INFO PMCS - *******> As a user i can enter the url <*******
2020-11-14 20:00:41,950 [main] INFO PMCS - *******> As a user i can enter the username <*******
2020-11-14 20:00:42,139 [main] INFO PMCS - *******> As a user i can enter the password <*******
2020-11-14 20:00:42,285 [main] INFO PMCS - *******> As a user i can click on login button <*******
2020-11-14 20:00:44,736 [main] INFO PMCS - *******> As a user i can verify the homepage <*******
2020-11-14 20:00:44,866 [main] INFO PMCS - *******> As a user i can logout the application <*******
2020-11-14 20:00:45,778 [main] INFO PMCS - *******> As a user i can verify the login title3 <*******
2020-11-14 20:00:45,899 [main] INFO PMCS - *******> As a user i can open any browser <*******
2020-11-14 20:00:47,432 [main] INFO PMCS - *******> As a user i can enter the url <*******
2020-11-14 20:00:49,486 [main] INFO PMCS - *******> As a user i can enter the username <*******
2020-11-14 20:00:49,687 [main] INFO PMCS - *******> As a user i can enter the password <*******
2020-11-14 20:00:49,822 [main] INFO PMCS - *******> As a user i can click on login button <*******
2020-11-14 20:00:52,302 [main] INFO PMCS - *******> As a user i can verify the homepage <*******
2020-11-14 20:00:52,362 [main] INFO PMCS - *******> As a user i can logout the application <*******
2020-11-14 20:00:53,247 [main] INFO PMCS - *******> As a user i can verify the login title3 <*******
2020-11-14 20:02:00,314 [main] INFO PMCS - *******> As a user i can open any browser <*******
2020-11-14 20:02:01,657 [main] INFO PMCS - *******> As a user i can enter the url <*******
2020-11-14 20:02:03,695 [main] INFO PMCS - *******> As a user i can enter the username <*******
2020-11-14 20:02:03,861 [main] INFO PMCS - *******> As a user i can enter the password <*******
2020-11-14 20:02:04,005 [main] INFO PMCS - *******> As a user i can click on login button <*******
2020-11-14 20:02:06,461 [main] INFO PMCS - *******> As a user i can verify the homepage <*******
2020-11-14 20:02:06,489 [main] INFO PMCS - *******> As a user i can logout the application <*******
2020-11-14 20:02:07,382 [main] INFO PMCS - *******> As a user i can verify the login title3 <*******
2020-11-14 20:02:07,508 [main] INFO PMCS - *******> As a user i can open any browser <*******
2020-11-14 20:02:08,855 [main] INFO PMCS - *******> As a user i can enter the url <*******
2020-11-14 20:02:10,733 [main] INFO PMCS - *******> As a user i can enter the username <*******
2020-11-14 20:02:10,897 [main] INFO PMCS - *******> As a user i can enter the password <*******
2020-11-14 20:02:11,039 [main] INFO PMCS - *******> As a user i can click on login button <*******
2020-11-14 20:02:13,225 [main] INFO PMCS - *******> As a user i can verify the homepage <*******
2020-11-14 20:02:13,243 [main] INFO PMCS - *******> As a user i can logout the application <*******
2020-11-14 20:02:14,463 [main] INFO PMCS - *******> As a user i can verify the login title3 <*******
2020-11-14 20:03:17,837 [main] INFO PMCS - *******> As a user i can open any browser <*******
2020-11-14 20:03:17,846 [main] INFO PMCS - *******> As a user i can open any browser <*******
2020-11-14 20:04:01,313 [main] INFO PMCS - *******> As a user i can open any browser <*******
2020-11-14 20:04:06,431 [main] INFO PMCS - *******> As a user i can enter the url <*******
2020-11-14 20:04:08,491 [main] INFO PMCS - *******> As a user i can enter the username <*******
2020-11-14 20:04:08,589 [main] INFO PMCS - *******> As a user i can enter the password <*******
2020-11-14 20:04:08,647 [main] INFO PMCS - *******> As a user i can click on login button <*******
2020-11-14 20:04:12,111 [main] INFO PMCS - *******> As a user i can verify the homepage <*******
2020-11-14 20:04:12,183 [main] INFO PMCS - *******> As a user i can logout the application <*******
2020-11-14 20:04:13,033 [main] INFO PMCS - *******> As a user i can verify the login title3 <*******
2020-11-14 20:04:13,662 [main] INFO PMCS - *******> As a user i can open any browser <*******
2020-11-14 20:04:16,841 [main] INFO PMCS - *******> As a user i can enter the url <*******
2020-11-14 20:04:18,572 [main] INFO PMCS - *******> As a user i can enter the username <*******
2020-11-14 20:04:18,655 [main] INFO PMCS - *******> As a user i can enter the password <*******
2020-11-14 20:04:18,720 [main] INFO PMCS - *******> As a user i can click on login button <*******
2020-11-14 20:04:21,620 [main] INFO PMCS - *******> As a user i can verify the homepage <*******
2020-11-14 20:04:21,654 [main] INFO PMCS - *******> As a user i can logout the application <*******
2020-11-14 20:04:22,488 [main] INFO PMCS - *******> As a user i can verify the login title3 <*******
2020-11-14 20:05:31,532 [main] INFO PMCS - *******> As a user i can open any browser <*******
2020-11-14 20:05:34,474 [main] INFO PMCS - *******> As a user i can enter the url <*******
2020-11-14 20:05:36,654 [main] INFO PMCS - *******> As a user i can enter the username <*******
2020-11-14 20:05:36,742 [main] INFO PMCS - *******> As a user i can enter the password <*******
2020-11-14 20:05:36,810 [main] INFO PMCS - *******> As a user i can click on login button <*******
2020-11-14 20:05:40,034 [main] INFO PMCS - *******> As a user i can verify the homepage <*******
2020-11-14 20:05:40,118 [main] INFO PMCS - *******> As a user i can logout the application <*******
2020-11-14 20:05:40,970 [main] INFO PMCS - *******> As a user i can verify the login title3 <*******
2020-11-14 20:05:41,584 [main] INFO PMCS - *******> As a user i can open any browser <*******
2020-11-14 20:05:44,562 [main] INFO PMCS - *******> As a user i can enter the url <*******
2020-11-14 20:05:46,145 [main] INFO PMCS - *******> As a user i can enter the username <*******
2020-11-14 20:05:46,225 [main] INFO PMCS - *******> As a user i can enter the password <*******
2020-11-14 20:05:46,290 [main] INFO PMCS - *******> As a user i can click on login button <*******
2020-11-14 20:05:48,737 [main] INFO PMCS - *******> As a user i can verify the homepage <*******
2020-11-14 20:05:48,822 [main] INFO PMCS - *******> As a user i can logout the application <*******
2020-11-14 20:05:49,943 [main] INFO PMCS - *******> As a user i can verify the login title3 <*******
2020-11-14 20:09:11,555 [main] INFO PMCS - *******> As a user i can open any browser <*******
2020-11-14 20:09:12,938 [main] INFO PMCS - *******> As a user i can enter the url <*******
2020-11-14 20:09:15,407 [main] INFO PMCS - *******> As a user i can enter the username <*******
2020-11-14 20:09:15,574 [main] INFO PMCS - *******> As a user i can enter the password <*******
2020-11-14 20:09:15,723 [main] INFO PMCS - *******> As a user i can click on login button <*******
2020-11-14 20:09:18,515 [main] INFO PMCS - *******> As a user i can verify the homepage <*******
2020-11-14 20:09:18,538 [main] INFO PMCS - *******> As a user i can logout the application <*******
2020-11-14 20:09:19,523 [main] INFO PMCS - *******> As a user i can verify the login title3 <*******
2020-11-14 20:09:19,636 [main] INFO PMCS - *******> As a user i can open any browser <*******
2020-11-14 20:09:20,982 [main] INFO PMCS - *******> As a user i can enter the url <*******
2020-11-14 20:09:22,770 [main] INFO PMCS - *******> As a user i can enter the username <*******
2020-11-14 20:09:22,935 [main] INFO PMCS - *******> As a user i can enter the password <*******
2020-11-14 20:09:23,075 [main] INFO PMCS - *******> As a user i can click on login button <*******
2020-11-14 20:09:26,247 [main] INFO PMCS - *******> As a user i can verify the homepage <*******
2020-11-14 20:09:26,268 [main] INFO PMCS - *******> As a user i can logout the application <*******
2020-11-14 20:09:27,258 [main] INFO PMCS - *******> As a user i can verify the login title3 <*******
